<?xml version="1.0" encoding="UTF-8"?>
<testng-results ignored="0" total="2" passed="2" failed="0" skipped="0">
  <reporter-output>
  </reporter-output>
  <suite started-at="2025-07-25T14:37:11 IST" name="Default suite" finished-at="2025-07-25T14:37:42 IST" duration-ms="31143">
    <groups>
    </groups>
    <test started-at="2025-07-25T14:37:11 IST" name="Default test" finished-at="2025-07-25T14:37:42 IST" duration-ms="31143">
      <class name="pageObjectclass.ActualTestCase">
        <test-method is-config="true" signature="setup()[pri:0, instance:pageObjectclass.ActualTestCase@6743e411]" started-at="2025-07-25T14:37:11 IST" name="setup" finished-at="2025-07-25T14:37:28 IST" duration-ms="17575" status="PASS">
          <reporter-output>
          </reporter-output>
        </test-method> <!-- setup -->
        <test-method signature="test1()[pri:0, instance:pageObjectclass.ActualTestCase@6743e411]" started-at="2025-07-25T14:37:29 IST" name="test1" finished-at="2025-07-25T14:37:32 IST" duration-ms="3073" status="PASS">
          <reporter-output>
          </reporter-output>
        </test-method> <!-- test1 -->
        <test-method signature="test2()[pri:0, instance:pageObjectclass.ActualTestCase@6743e411]" started-at="2025-07-25T14:37:32 IST" name="test2" finished-at="2025-07-25T14:37:42 IST" duration-ms="10068" status="PASS">
          <reporter-output>
          </reporter-output>
        </test-method> <!-- test2 -->
        <test-method is-config="true" signature="teardown()[pri:0, instance:pageObjectclass.ActualTestCase@6743e411]" started-at="2025-07-25T14:37:42 IST" name="teardown" finished-at="2025-07-25T14:37:42 IST" duration-ms="280" status="PASS">
          <reporter-output>
          </reporter-output>
        </test-method> <!-- teardown -->
      </class> <!-- pageObjectclass.ActualTestCase -->
    </test> <!-- Default test -->
  </suite> <!-- Default suite -->
</testng-results>
